<?xml version="1.0" encoding="UTF-8"?>
<testng-results skipped="0" failed="0" ignored="0" total="1" passed="1">
  <reporter-output>
  </reporter-output>
  <suite name="Default suite" duration-ms="68" started-at="2019-08-03T04:27:30Z" finished-at="2019-08-03T04:27:30Z">
    <groups>
    </groups>
    <test name="Default test" duration-ms="68" started-at="2019-08-03T04:27:30Z" finished-at="2019-08-03T04:27:30Z">
      <class name="testcases.TestCase2">
        <test-method status="PASS" signature="validatetest()[pri:0, instance:testcases.TestCase2@573f2bb1]" name="validatetest" duration-ms="20" started-at="2019-08-03T04:27:30Z" finished-at="2019-08-03T04:27:30Z">
          <reporter-output>
          </reporter-output>
        </test-method> <!-- validatetest -->
      </class> <!-- testcases.TestCase2 -->
    </test> <!-- Default test -->
  </suite> <!-- Default suite -->
</testng-results>
